# JRE version: OpenJDK Runtime Environment Temurin-21.0.6+7 (21.0.6+7) (build 21.0.6+7-LTS)
# Java VM: OpenJDK 64-Bit Server VM Temurin-21.0.6+7 (21.0.6+7-LTS, mixed mode, sharing, tiered, compressed oops, compressed class ptrs, g1 gc, windows-amd64)
GC Precious Log:
 CardTable entry size: 512
 Card Set container configuration: InlinePtr #cards 5 size 8 Array Of Cards #cards 12 size 40 Howl #buckets 4 coarsen threshold 1843 Howl Bitmap #cards 512 size 80 coarsen threshold 460 Card regions per heap region 1 cards per card region 2048
 CPUs: 8 total, 8 available
 Memory: 8075M
 Large Page Support: Disabled
 NUMA Support: Disabled
 Compressed Oops: Enabled (32-bit)
 Heap Region Size: 1M
 Heap Min Capacity: 8M
 Heap Initial Capacity: 128M
 Heap Max Capacity: 2020M
 Pre-touch: Disabled
 Parallel Workers: 8
 Concurrent Workers: 2
 Concurrent Refinement Workers: 8
 Periodic GC: Disabled
Heap:
 garbage-first heap   total 226304K, used 116160K [0x0000000081c00000, 0x0000000100000000)
  region size 1024K, 44 young (45056K), 1 survivors (1024K)
 Metaspace       used 12627K, committed 12928K, reserved 1114112K
  class space    used 1260K, committed 1408K, reserved 1048576K
GC Heap History (20 events):
Event: 84.146 GC heap before
{Heap before GC invocations=48 (full 0):
 garbage-first heap   total 188416K, used 176053K [0x0000000081c00000, 0x0000000100000000)
  region size 1024K, 101 young (103424K), 1 survivors (1024K)
 Metaspace       used 12627K, committed 12928K, reserved 1114112K
  class space    used 1260K, committed 1408K, reserved 1048576K
}
Event: 84.147 GC heap after
{Heap after GC invocations=49 (full 0):
 garbage-first heap   total 188416K, used 73653K [0x0000000081c00000, 0x0000000100000000)
  region size 1024K, 1 young (1024K), 1 survivors (1024K)
 Metaspace       used 12627K, committed 12928K, reserved 1114112K
  class space    used 1260K, committed 1408K, reserved 1048576K
}
Event: 89.299 GC heap before
{Heap before GC invocations=50 (full 0):
 garbage-first heap   total 188416K, used 179125K [0x0000000081c00000, 0x0000000100000000)
  region size 1024K, 101 young (103424K), 1 survivors (1024K)
 Metaspace       used 12627K, committed 12928K, reserved 1114112K
  class space    used 1260K, committed 1408K, reserved 1048576K
}
Event: 89.303 GC heap after
{Heap after GC invocations=51 (full 0):
 garbage-first heap   total 226304K, used 73655K [0x0000000081c00000, 0x0000000100000000)
  region size 1024K, 1 young (1024K), 1 survivors (1024K)
 Metaspace       used 12627K, committed 12928K, reserved 1114112K
  class space    used 1260K, committed 1408K, reserved 1048576K
}
Event: 93.911 GC heap before
{Heap before GC invocations=51 (full 0):
 garbage-first heap   total 226304K, used 208823K [0x0000000081c00000, 0x0000000100000000)
  region size 1024K, 132 young (135168K), 1 survivors (1024K)
 Metaspace       used 12627K, committed 12928K, reserved 1114112K
  class space    used 1260K, committed 1408K, reserved 1048576K
}
Event: 93.917 GC heap after
{Heap after GC invocations=52 (full 0):
 garbage-first heap   total 226304K, used 73599K [0x0000000081c00000, 0x0000000100000000)
  region size 1024K, 1 young (1024K), 1 survivors (1024K)
 Metaspace       used 12627K, committed 12928K, reserved 1114112K
  class space    used 1260K, committed 1408K, reserved 1048576K
}
Event: 98.516 GC heap before
{Heap before GC invocations=52 (full 0):
 garbage-first heap   total 226304K, used 207743K [0x0000000081c00000, 0x0000000100000000)
  region size 1024K, 133 young (136192K), 1 survivors (1024K)
 Metaspace       used 12627K, committed 12928K, reserved 1114112K
  class space    used 1260K, committed 1408K, reserved 1048576K
}
Event: 98.518 GC heap after
{Heap after GC invocations=53 (full 0):
 garbage-first heap   total 226304K, used 73601K [0x0000000081c00000, 0x0000000100000000)
  region size 1024K, 1 young (1024K), 1 survivors (1024K)
 Metaspace       used 12627K, committed 12928K, reserved 1114112K
  class space    used 1260K, committed 1408K, reserved 1048576K
}
Event: 107.179 GC heap before
{Heap before GC invocations=54 (full 0):
 garbage-first heap   total 226304K, used 208769K [0x0000000081c00000, 0x0000000100000000)
  region size 1024K, 132 young (135168K), 1 survivors (1024K)
 Metaspace       used 12627K, committed 12928K, reserved 1114112K
  class space    used 1260K, committed 1408K, reserved 1048576K
}
Event: 107.180 GC heap after
{Heap after GC invocations=55 (full 0):
 garbage-first heap   total 226304K, used 73604K [0x0000000081c00000, 0x0000000100000000)
  region size 1024K, 1 young (1024K), 1 survivors (1024K)
 Metaspace       used 12627K, committed 12928K, reserved 1114112K
  class space    used 1260K, committed 1408K, reserved 1048576K
}
Event: 116.894 GC heap before
{Heap before GC invocations=55 (full 0):
 garbage-first heap   total 226304K, used 208772K [0x0000000081c00000, 0x0000000100000000)
  region size 1024K, 132 young (135168K), 1 survivors (1024K)
 Metaspace       used 12627K, committed 12928K, reserved 1114112K
  class space    used 1260K, committed 1408K, reserved 1048576K
}
Event: 116.953 GC heap after
{Heap after GC invocations=56 (full 0):
 garbage-first heap   total 226304K, used 72868K [0x0000000081c00000, 0x0000000100000000)
  region size 1024K, 1 young (1024K), 1 survivors (1024K)
 Metaspace       used 12627K, committed 12928K, reserved 1114112K
  class space    used 1260K, committed 1408K, reserved 1048576K
}
Event: 126.453 GC heap before
{Heap before GC invocations=56 (full 0):
 garbage-first heap   total 226304K, used 207012K [0x0000000081c00000, 0x0000000100000000)
  region size 1024K, 132 young (135168K), 1 survivors (1024K)
 Metaspace       used 12627K, committed 12928K, reserved 1114112K
  class space    used 1260K, committed 1408K, reserved 1048576K
}
Event: 126.456 GC heap after
{Heap after GC invocations=57 (full 0):
 garbage-first heap   total 226304K, used 72870K [0x0000000081c00000, 0x0000000100000000)
  region size 1024K, 1 young (1024K), 1 survivors (1024K)
 Metaspace       used 12627K, committed 12928K, reserved 1114112K
  class space    used 1260K, committed 1408K, reserved 1048576K
}
Event: 141.680 GC heap before
{Heap before GC invocations=58 (full 0):
 garbage-first heap   total 226304K, used 209062K [0x0000000081c00000, 0x0000000100000000)
  region size 1024K, 132 young (135168K), 1 survivors (1024K)
 Metaspace       used 12627K, committed 12928K, reserved 1114112K
  class space    used 1260K, committed 1408K, reserved 1048576K
}
Event: 141.690 GC heap after
{Heap after GC invocations=59 (full 0):
 garbage-first heap   total 226304K, used 72870K [0x0000000081c00000, 0x0000000100000000)
  region size 1024K, 1 young (1024K), 1 survivors (1024K)
 Metaspace       used 12627K, committed 12928K, reserved 1114112K
  class space    used 1260K, committed 1408K, reserved 1048576K
}
Event: 158.029 GC heap before
{Heap before GC invocations=59 (full 0):
 garbage-first heap   total 226304K, used 208038K [0x0000000081c00000, 0x0000000100000000)
  region size 1024K, 132 young (135168K), 1 survivors (1024K)
 Metaspace       used 12627K, committed 12928K, reserved 1114112K
  class space    used 1260K, committed 1408K, reserved 1048576K
}
Event: 158.054 GC heap after
{Heap after GC invocations=60 (full 0):
 garbage-first heap   total 226304K, used 73148K [0x0000000081c00000, 0x0000000100000000)
  region size 1024K, 1 young (1024K), 1 survivors (1024K)
 Metaspace       used 12627K, committed 12928K, reserved 1114112K
  class space    used 1260K, committed 1408K, reserved 1048576K
}
Event: 205.557 GC heap before
{Heap before GC invocations=60 (full 0):
 garbage-first heap   total 226304K, used 190908K [0x0000000081c00000, 0x0000000100000000)
  region size 1024K, 117 young (119808K), 1 survivors (1024K)
 Metaspace       used 12627K, committed 12928K, reserved 1114112K
  class space    used 1260K, committed 1408K, reserved 1048576K
}
Event: 205.626 GC heap after
{Heap after GC invocations=61 (full 0):
 garbage-first heap   total 226304K, used 72128K [0x0000000081c00000, 0x0000000100000000)
  region size 1024K, 1 young (1024K), 1 survivors (1024K)
 Metaspace       used 12627K, committed 12928K, reserved 1114112K
  class space    used 1260K, committed 1408K, reserved 1048576K
}

