# JRE version: OpenJDK Runtime Environment Temurin-21.0.6+7 (21.0.6+7) (build 21.0.6+7-LTS)
# Java VM: OpenJDK 64-Bit Server VM Temurin-21.0.6+7 (21.0.6+7-LTS, mixed mode, sharing, tiered, compressed oops, compressed class ptrs, g1 gc, windows-amd64)
GC Precious Log:
 CardTable entry size: 512
 Card Set container configuration: InlinePtr #cards 5 size 8 Array Of Cards #cards 12 size 40 Howl #buckets 4 coarsen threshold 1843 Howl Bitmap #cards 512 size 80 coarsen threshold 460 Card regions per heap region 1 cards per card region 2048
 CPUs: 8 total, 8 available
 Memory: 8075M
 Large Page Support: Disabled
 NUMA Support: Disabled
 Compressed Oops: Enabled (32-bit)
 Heap Region Size: 1M
 Heap Min Capacity: 8M
 Heap Initial Capacity: 128M
 Heap Max Capacity: 2020M
 Pre-touch: Disabled
 Parallel Workers: 8
 Concurrent Workers: 2
 Concurrent Refinement Workers: 8
 Periodic GC: Disabled
Heap:
 garbage-first heap   total 356352K, used 197280K [0x0000000081c00000, 0x0000000100000000)
  region size 1024K, 106 young (108544K), 2 survivors (2048K)
 Metaspace       used 12663K, committed 12992K, reserved 1114112K
  class space    used 1256K, committed 1408K, reserved 1048576K
GC Heap History (20 events):
Event: 48.876 GC heap before
{Heap before GC invocations=33 (full 0):
 garbage-first heap   total 223232K, used 205909K [0x0000000081c00000, 0x0000000100000000)
  region size 1024K, 114 young (116736K), 3 survivors (3072K)
 Metaspace       used 12648K, committed 12928K, reserved 1114112K
  class space    used 1256K, committed 1408K, reserved 1048576K
}
Event: 48.878 GC heap after
{Heap after GC invocations=34 (full 0):
 garbage-first heap   total 223232K, used 92850K [0x0000000081c00000, 0x0000000100000000)
  region size 1024K, 3 young (3072K), 3 survivors (3072K)
 Metaspace       used 12648K, committed 12928K, reserved 1114112K
  class space    used 1256K, committed 1408K, reserved 1048576K
}
Event: 51.002 GC heap before
{Heap before GC invocations=35 (full 0):
 garbage-first heap   total 223232K, used 207538K [0x0000000081c00000, 0x0000000100000000)
  region size 1024K, 115 young (117760K), 3 survivors (3072K)
 Metaspace       used 12663K, committed 12992K, reserved 1114112K
  class space    used 1256K, committed 1408K, reserved 1048576K
}
Event: 51.007 GC heap after
{Heap after GC invocations=36 (full 0):
 garbage-first heap   total 356352K, used 93126K [0x0000000081c00000, 0x0000000100000000)
  region size 1024K, 3 young (3072K), 3 survivors (3072K)
 Metaspace       used 12663K, committed 12992K, reserved 1114112K
  class space    used 1256K, committed 1408K, reserved 1048576K
}
Event: 55.072 GC heap before
{Heap before GC invocations=36 (full 0):
 garbage-first heap   total 356352K, used 304070K [0x0000000081c00000, 0x0000000100000000)
  region size 1024K, 208 young (212992K), 3 survivors (3072K)
 Metaspace       used 12663K, committed 12992K, reserved 1114112K
  class space    used 1256K, committed 1408K, reserved 1048576K
}
Event: 55.074 GC heap after
{Heap after GC invocations=37 (full 0):
 garbage-first heap   total 356352K, used 93290K [0x0000000081c00000, 0x0000000100000000)
  region size 1024K, 3 young (3072K), 3 survivors (3072K)
 Metaspace       used 12663K, committed 12992K, reserved 1114112K
  class space    used 1256K, committed 1408K, reserved 1048576K
}
Event: 59.115 GC heap before
{Heap before GC invocations=37 (full 0):
 garbage-first heap   total 356352K, used 302186K [0x0000000081c00000, 0x0000000100000000)
  region size 1024K, 208 young (212992K), 3 survivors (3072K)
 Metaspace       used 12663K, committed 12992K, reserved 1114112K
  class space    used 1256K, committed 1408K, reserved 1048576K
}
Event: 59.118 GC heap after
{Heap after GC invocations=38 (full 0):
 garbage-first heap   total 356352K, used 92886K [0x0000000081c00000, 0x0000000100000000)
  region size 1024K, 2 young (2048K), 2 survivors (2048K)
 Metaspace       used 12663K, committed 12992K, reserved 1114112K
  class space    used 1256K, committed 1408K, reserved 1048576K
}
Event: 64.393 GC heap before
{Heap before GC invocations=38 (full 0):
 garbage-first heap   total 356352K, used 303830K [0x0000000081c00000, 0x0000000100000000)
  region size 1024K, 209 young (214016K), 2 survivors (2048K)
 Metaspace       used 12663K, committed 12992K, reserved 1114112K
  class space    used 1256K, committed 1408K, reserved 1048576K
}
Event: 64.401 GC heap after
{Heap after GC invocations=39 (full 0):
 garbage-first heap   total 356352K, used 93434K [0x0000000081c00000, 0x0000000100000000)
  region size 1024K, 3 young (3072K), 3 survivors (3072K)
 Metaspace       used 12663K, committed 12992K, reserved 1114112K
  class space    used 1256K, committed 1408K, reserved 1048576K
}
Event: 68.847 GC heap before
{Heap before GC invocations=39 (full 0):
 garbage-first heap   total 356352K, used 305402K [0x0000000081c00000, 0x0000000100000000)
  region size 1024K, 208 young (212992K), 3 survivors (3072K)
 Metaspace       used 12663K, committed 12992K, reserved 1114112K
  class space    used 1256K, committed 1408K, reserved 1048576K
}
Event: 68.849 GC heap after
{Heap after GC invocations=40 (full 0):
 garbage-first heap   total 356352K, used 92669K [0x0000000081c00000, 0x0000000100000000)
  region size 1024K, 2 young (2048K), 2 survivors (2048K)
 Metaspace       used 12663K, committed 12992K, reserved 1114112K
  class space    used 1256K, committed 1408K, reserved 1048576K
}
Event: 73.762 GC heap before
{Heap before GC invocations=40 (full 0):
 garbage-first heap   total 356352K, used 302589K [0x0000000081c00000, 0x0000000100000000)
  region size 1024K, 209 young (214016K), 2 survivors (2048K)
 Metaspace       used 12663K, committed 12992K, reserved 1114112K
  class space    used 1256K, committed 1408K, reserved 1048576K
}
Event: 73.764 GC heap after
{Heap after GC invocations=41 (full 0):
 garbage-first heap   total 356352K, used 93032K [0x0000000081c00000, 0x0000000100000000)
  region size 1024K, 3 young (3072K), 3 survivors (3072K)
 Metaspace       used 12663K, committed 12992K, reserved 1114112K
  class space    used 1256K, committed 1408K, reserved 1048576K
}
Event: 81.021 GC heap before
{Heap before GC invocations=41 (full 0):
 garbage-first heap   total 356352K, used 305000K [0x0000000081c00000, 0x0000000100000000)
  region size 1024K, 208 young (212992K), 3 survivors (3072K)
 Metaspace       used 12663K, committed 12992K, reserved 1114112K
  class space    used 1256K, committed 1408K, reserved 1048576K
}
Event: 81.024 GC heap after
{Heap after GC invocations=42 (full 0):
 garbage-first heap   total 356352K, used 93140K [0x0000000081c00000, 0x0000000100000000)
  region size 1024K, 3 young (3072K), 3 survivors (3072K)
 Metaspace       used 12663K, committed 12992K, reserved 1114112K
  class space    used 1256K, committed 1408K, reserved 1048576K
}
Event: 85.950 GC heap before
{Heap before GC invocations=42 (full 0):
 garbage-first heap   total 356352K, used 302036K [0x0000000081c00000, 0x0000000100000000)
  region size 1024K, 208 young (212992K), 3 survivors (3072K)
 Metaspace       used 12663K, committed 12992K, reserved 1114112K
  class space    used 1256K, committed 1408K, reserved 1048576K
}
Event: 85.953 GC heap after
{Heap after GC invocations=43 (full 0):
 garbage-first heap   total 356352K, used 92835K [0x0000000081c00000, 0x0000000100000000)
  region size 1024K, 2 young (2048K), 2 survivors (2048K)
 Metaspace       used 12663K, committed 12992K, reserved 1114112K
  class space    used 1256K, committed 1408K, reserved 1048576K
}
Event: 99.641 GC heap before
{Heap before GC invocations=43 (full 0):
 garbage-first heap   total 356352K, used 304803K [0x0000000081c00000, 0x0000000100000000)
  region size 1024K, 208 young (212992K), 2 survivors (2048K)
 Metaspace       used 12663K, committed 12992K, reserved 1114112K
  class space    used 1256K, committed 1408K, reserved 1048576K
}
Event: 99.648 GC heap after
{Heap after GC invocations=44 (full 0):
 garbage-first heap   total 356352K, used 92832K [0x0000000081c00000, 0x0000000100000000)
  region size 1024K, 2 young (2048K), 2 survivors (2048K)
 Metaspace       used 12663K, committed 12992K, reserved 1114112K
  class space    used 1256K, committed 1408K, reserved 1048576K
}

